0 info it worked if it ends with ok
1 verbose cli [ 'node', '/usr/local/bin/npm', 'run', 'test' ]
2 info using npm@1.4.21
3 info using node@v0.10.30
4 verbose run-script [ 'pretest', 'test', 'posttest' ]
5 info pretest gulp-flowtype@0.4.0
6 info test gulp-flowtype@0.4.0
7 verbose unsafe-perm in lifecycle true
8 info gulp-flowtype@0.4.0 Failed to exec test script
9 error gulp-flowtype@0.4.0 test: `istanbul test _mocha --report html -- test/*.js --reporter spec`
9 error Exit status 2
10 error Failed at the gulp-flowtype@0.4.0 test script.
10 error This is most likely a problem with the gulp-flowtype package,
10 error not with npm itself.
10 error Tell the author that this fails on your system:
10 error     istanbul test _mocha --report html -- test/*.js --reporter spec
10 error You can get their info via:
10 error     npm owner ls gulp-flowtype
10 error There is likely additional logging output above.
11 error System Darwin 13.4.0
12 error command "node" "/usr/local/bin/npm" "run" "test"
13 error cwd /Users/jgarcia/Sites/gulp-flowtype
14 error node -v v0.10.30
15 error npm -v 1.4.21
16 error code ELIFECYCLE
17 verbose exit [ 1, true ]
